-- msg --
client: ('127.0.0.1', 47422)
msg_id: 1
message: hello
msg_len: 5
sha512: 71a3d762505a5438d066f29be5b8c58bacb0b6d17c93f50cd5db08d78a69b0328d6d182da7c3dfe553a944405feb2ff17624e743a639fb99c82e6deb5497179a
-- end --
-- msg --
client: ('127.0.0.1', 47422)
msg_id: 2
message: cool
msg_len: 4
sha512: 71a3d762505a5438d066f29be5b8c58bacb0b6d17c93f50cd5db08d78a69b0328d6d182da7c3dfe553a944405feb2ff17624e743a639fb99c82e6deb5497179a
-- end --
-- msg --
client: ('127.0.0.1', 47422)
msg_id: 3
message: hi
msg_len: 2
sha512: 71a3d762505a5438d066f29be5b8c58bacb0b6d17c93f50cd5db08d78a69b0328d6d182da7c3dfe553a944405feb2ff17624e743a639fb99c82e6deb5497179a
-- end --
-- msg --
client: ('127.0.0.1', 47422)
msg_id: 4
message: hello theere
msg_len: 12
sha512: 71a3d762505a5438d066f29be5b8c58bacb0b6d17c93f50cd5db08d78a69b0328d6d182da7c3dfe553a944405feb2ff17624e743a639fb99c82e6deb5497179a
-- end --
-- msg --
client: ('127.0.0.1', 47422)
msg_id: 5
message: secure-close
msg_len: 12
sha512: 71a3d762505a5438d066f29be5b8c58bacb0b6d17c93f50cd5db08d78a69b0328d6d182da7c3dfe553a944405feb2ff17624e743a639fb99c82e6deb5497179a
-- end --
-- msg --
client: ('127.0.0.1', 48674)
msg_id: 1
message: hi
msg_len: 2
sha512: 81b99b6e0ac8165f09527a309e0f9b372c7c7c42abdc1f1eb76b9dfa5372fc295f8109e330d20fb83b9e2bd95c907b86db1d6b8aa8962361d7990bd21794dd1e
-- end --
-- msg --
client: ('127.0.0.1', 48674)
msg_id: 2
message: cool
msg_len: 4
sha512: 81b99b6e0ac8165f09527a309e0f9b372c7c7c42abdc1f1eb76b9dfa5372fc295f8109e330d20fb83b9e2bd95c907b86db1d6b8aa8962361d7990bd21794dd1e
-- end --
-- msg --
client: ('127.0.0.1', 48674)
msg_id: 3
message: hi
msg_len: 2
sha512: 81b99b6e0ac8165f09527a309e0f9b372c7c7c42abdc1f1eb76b9dfa5372fc295f8109e330d20fb83b9e2bd95c907b86db1d6b8aa8962361d7990bd21794dd1e
-- end --
-- msg --
client: ('127.0.0.1', 48674)
msg_id: 4
message: cool
msg_len: 4
sha512: 81b99b6e0ac8165f09527a309e0f9b372c7c7c42abdc1f1eb76b9dfa5372fc295f8109e330d20fb83b9e2bd95c907b86db1d6b8aa8962361d7990bd21794dd1e
-- end --
-- msg --
client: ('127.0.0.1', 48674)
msg_id: 5
message: love
msg_len: 4
sha512: 81b99b6e0ac8165f09527a309e0f9b372c7c7c42abdc1f1eb76b9dfa5372fc295f8109e330d20fb83b9e2bd95c907b86db1d6b8aa8962361d7990bd21794dd1e
-- end --
-- msg --
client: ('127.0.0.1', 48708)
msg_id: 1
message: hi
msg_len: 2
sha512: 7af6b2d2643de5bf2181078d168ded7e3dbe76aac790a9b8ed83ca1e5aa9b6d449302275ee704f4fd9559198ae1f8b8fd31cac478f638e5e2a3ab296db2a38ac
-- end --
-- msg --
client: ('127.0.0.1', 48708)
msg_id: 2
message: client 1
msg_len: 8
sha512: 7af6b2d2643de5bf2181078d168ded7e3dbe76aac790a9b8ed83ca1e5aa9b6d449302275ee704f4fd9559198ae1f8b8fd31cac478f638e5e2a3ab296db2a38ac
-- end --
-- msg --
client: ('127.0.0.1', 48674)
msg_id: 6
message: client 2
msg_len: 8
sha512: 81b99b6e0ac8165f09527a309e0f9b372c7c7c42abdc1f1eb76b9dfa5372fc295f8109e330d20fb83b9e2bd95c907b86db1d6b8aa8962361d7990bd21794dd1e
-- end --
-- msg --
client: ('127.0.0.1', 56282)
msg_id: 1
message: secure-close
msg_len: 12
sha512: e1edcbb78f2a57c3aa42bf54fa0ffcc4145d16bc93636b1b11bf99412e67aa39c21c82692654e7762d5994015200f25896036cb072d767d9f282db6c6e0ef9ba
-- end --
-- msg --
client: ('127.0.0.1', 56284)
msg_id: 1
message: secure-close
msg_len: 12
sha512: b97a144bd172ffa8d004eef9afcc8db2f229113f41fff6c189ddc158bff131c4c1fc21ff1fe12df7cacb15a58ea5774246cdb3d2b045cfa959820103fa07eeda
-- end --
-- msg --
client: ('127.0.0.1', 56288)
msg_id: 1
message: secure-close
msg_len: 12
sha512: 94204b23c23c11308ceeb0dd6fef15845712fd31d5af4d053475811a9c84aac9c87441bc820c39fa82e88161564239bd2a8c95fbb582baba4feab526d6d5e788
-- end --
-- msg --
client: ('127.0.0.1', 56290)
msg_id: 1
message: hi
msg_len: 2
sha512: 1342c84882c0b2d669dfa738f1879089409fcd784773cf2a35d98cdc673c2b441dcb254a4046604c7bbe86c245977cbb6ba2df7a3ec8ff6aef7252cc8db4b1ea
-- end --
-- msg --
client: ('127.0.0.1', 56290)
msg_id: 2
message: cool
msg_len: 4
sha512: 1342c84882c0b2d669dfa738f1879089409fcd784773cf2a35d98cdc673c2b441dcb254a4046604c7bbe86c245977cbb6ba2df7a3ec8ff6aef7252cc8db4b1ea
-- end --
-- msg --
client: ('127.0.0.1', 56290)
msg_id: 3
message: secure-close
msg_len: 12
sha512: 1342c84882c0b2d669dfa738f1879089409fcd784773cf2a35d98cdc673c2b441dcb254a4046604c7bbe86c245977cbb6ba2df7a3ec8ff6aef7252cc8db4b1ea
-- end --
-- msg --
client: ('127.0.0.1', 56292)
msg_id: 1
message: hi
msg_len: 2
sha512: 7d416df0cbd76de0d22ad15c41abd59a9daf5024ae0dae8ba80a01d867e6749098a992188a1395f53052f07658593176ea88dcf98e248cee25fde7e915bdfc9f
-- end --
-- msg --
client: ('127.0.0.1', 56292)
msg_id: 2
message: dd
msg_len: 2
sha512: 7d416df0cbd76de0d22ad15c41abd59a9daf5024ae0dae8ba80a01d867e6749098a992188a1395f53052f07658593176ea88dcf98e248cee25fde7e915bdfc9f
-- end --
-- msg --
client: ('127.0.0.1', 56292)
msg_id: 3
message: secure-close
msg_len: 12
sha512: 7d416df0cbd76de0d22ad15c41abd59a9daf5024ae0dae8ba80a01d867e6749098a992188a1395f53052f07658593176ea88dcf98e248cee25fde7e915bdfc9f
-- end --
-- msg --
client: ('127.0.0.1', 56296)
msg_id: 1
message: hi
msg_len: 2
sha512: 2bdadab8de6612cf78d646f24c436cd35a396336151c80d8014dd609d2c2d16297b7423df762df4d3647108c64ca8e7454120489ff8d1b251ae39a1eac5e70d0
-- end --
-- msg --
client: ('127.0.0.1', 56296)
msg_id: 2
message: secure-close
msg_len: 12
sha512: 2bdadab8de6612cf78d646f24c436cd35a396336151c80d8014dd609d2c2d16297b7423df762df4d3647108c64ca8e7454120489ff8d1b251ae39a1eac5e70d0
-- end --
-- msg --
client: ('127.0.0.1', 56298)
msg_id: 1
message: hi
msg_len: 2
sha512: c17b313aaa1d0b4367ae028b92277dc49aaabb5b72c9270c17f5446d930f27783044ce7cfcfd5b1886b9c31d9a9f4100a2cbd882f50e147dad1399a2c30191d9
-- end --
-- msg --
client: ('127.0.0.1', 56300)
msg_id: 1
message: hi
msg_len: 2
sha512: 9d9c5be55418cc5df37f6f73aa8192931c83b9fe88ed5ed9e85cc86a02c519a9233cb8e6edfde8fe6b027213dec87362130790ecb557f29bef6e63997427e9b1
-- end --
-- msg --
client: ('127.0.0.1', 56300)
msg_id: 2
message: secure-close
msg_len: 12
sha512: 9d9c5be55418cc5df37f6f73aa8192931c83b9fe88ed5ed9e85cc86a02c519a9233cb8e6edfde8fe6b027213dec87362130790ecb557f29bef6e63997427e9b1
-- end --
-- msg --
client: ('127.0.0.1', 56302)
msg_id: 1
message: secure-close
msg_len: 12
sha512: a60ecf3282df3610e3cdb06234d7e7d8a53478444759d47e55774ad15fb810ad7173ffcd4b09f3a4c8fce45f7480f96093b6d7f2c9752eba7e8a802ae78feb0c
-- end --
-- msg --
client: ('127.0.0.1', 56304)
msg_id: 1
message: hi
msg_len: 2
sha512: d82df536e5772e177bd5c6a6d6e7fa658179b736a002d73d2cf5a7e076021e1a7c91dac5fbfabeb50b0467d298fb9d6c000fea24ead05feafff76dad56f67334
-- end --
-- msg --
client: ('127.0.0.1', 56304)
msg_id: 2
message: h
msg_len: 1
sha512: d82df536e5772e177bd5c6a6d6e7fa658179b736a002d73d2cf5a7e076021e1a7c91dac5fbfabeb50b0467d298fb9d6c000fea24ead05feafff76dad56f67334
-- end --
-- msg --
client: ('127.0.0.1', 56304)
msg_id: 3
message: secure-close
msg_len: 12
sha512: d82df536e5772e177bd5c6a6d6e7fa658179b736a002d73d2cf5a7e076021e1a7c91dac5fbfabeb50b0467d298fb9d6c000fea24ead05feafff76dad56f67334
-- end --
-- msg --
client: ('127.0.0.1', 56306)
msg_id: 1
message: hi
msg_len: 2
sha512: b24c4e2e31c8658a048394d93c1d1af83bbe96bd3f7f84bd68a731640f12229c590f1d79e0441cdf8b45601fda312ebc87ea023cd870324f9d4fb082b2cb09d7
-- end --
-- msg --
client: ('127.0.0.1', 56306)
msg_id: 2
message: hi
msg_len: 2
sha512: b24c4e2e31c8658a048394d93c1d1af83bbe96bd3f7f84bd68a731640f12229c590f1d79e0441cdf8b45601fda312ebc87ea023cd870324f9d4fb082b2cb09d7
-- end --
-- msg --
client: ('127.0.0.1', 56306)
msg_id: 3
message: secure-close
msg_len: 12
sha512: b24c4e2e31c8658a048394d93c1d1af83bbe96bd3f7f84bd68a731640f12229c590f1d79e0441cdf8b45601fda312ebc87ea023cd870324f9d4fb082b2cb09d7
-- end --
-- msg --
client: ('127.0.0.1', 56308)
msg_id: 1
message: hi
msg_len: 2
sha512: ef26c86fd38aad68d845c7478f11b4b202551428528467d6ebe91035a7938e772e2153d7ac2998e042e48e3927a6c4bf3785412025d30994e7500d187c116562
-- end --
-- msg --
client: ('127.0.0.1', 56308)
msg_id: 2
message: cool
msg_len: 4
sha512: ef26c86fd38aad68d845c7478f11b4b202551428528467d6ebe91035a7938e772e2153d7ac2998e042e48e3927a6c4bf3785412025d30994e7500d187c116562
-- end --
-- msg --
client: ('127.0.0.1', 56308)
msg_id: 3
message: secure-close
msg_len: 12
sha512: ef26c86fd38aad68d845c7478f11b4b202551428528467d6ebe91035a7938e772e2153d7ac2998e042e48e3927a6c4bf3785412025d30994e7500d187c116562
-- end --
-- msg --
client: ('127.0.0.1', 56312)
msg_id: 1
message: hi
msg_len: 2
sha512: 37c1346be12efc8a6285139f0c95d18f005adeba5b5f136c65f0db73538ac540e4961c39cce9d0425bb924c3cda8c0253cddd35eae803a5958278d133a1dd50b
-- end --
-- msg --
client: ('127.0.0.1', 56312)
msg_id: 2
message: cool
msg_len: 4
sha512: 37c1346be12efc8a6285139f0c95d18f005adeba5b5f136c65f0db73538ac540e4961c39cce9d0425bb924c3cda8c0253cddd35eae803a5958278d133a1dd50b
-- end --
-- msg --
client: ('127.0.0.1', 56312)
msg_id: 3
message: secure-close
msg_len: 12
sha512: 37c1346be12efc8a6285139f0c95d18f005adeba5b5f136c65f0db73538ac540e4961c39cce9d0425bb924c3cda8c0253cddd35eae803a5958278d133a1dd50b
-- end --
-- msg --
client: ('127.0.0.1', 56314)
msg_id: 1
message: hi
msg_len: 2
sha512: be13197fa05b62b32c8d69c63a180198b00394618323d6dc4132036086ed1176e525bbe4dfc0b5ca4f8854fd930e4963c3b8d1b76d85025064757e5400b02f52
-- end --
-- msg --
client: ('127.0.0.1', 56314)
msg_id: 2
message: gggf
msg_len: 4
sha512: be13197fa05b62b32c8d69c63a180198b00394618323d6dc4132036086ed1176e525bbe4dfc0b5ca4f8854fd930e4963c3b8d1b76d85025064757e5400b02f52
-- end --
-- msg --
client: ('127.0.0.1', 56314)
msg_id: 3
message: secure-close
msg_len: 12
sha512: be13197fa05b62b32c8d69c63a180198b00394618323d6dc4132036086ed1176e525bbe4dfc0b5ca4f8854fd930e4963c3b8d1b76d85025064757e5400b02f52
-- end --
-- msg --
client: ('127.0.0.1', 56316)
msg_id: 1
message: ho
msg_len: 2
sha512: f186b02ed79eaae749c3080082dbf6a87b948507f6c61cc7b0022f99bb9332be2c86acf7e2a72a4cac1218aa2fff7d4e474dd38f711232e0d55030b8fef7a5cc
-- end --
-- msg --
client: ('127.0.0.1', 56316)
msg_id: 2
message: j
msg_len: 1
sha512: f186b02ed79eaae749c3080082dbf6a87b948507f6c61cc7b0022f99bb9332be2c86acf7e2a72a4cac1218aa2fff7d4e474dd38f711232e0d55030b8fef7a5cc
-- end --
-- msg --
client: ('127.0.0.1', 56320)
msg_id: 1
message: hi
msg_len: 2
sha512: 840bbaf92a47087691ebfe758e9cbe035fa11b0d3eefbfc99894ce9ecd17326cebce0b7b4154cc2f361f2eb872b9d22b526b2f5e14a95524247daf094242fda5
-- end --
-- msg --
client: ('127.0.0.1', 56320)
msg_id: 2
message: secure-close
msg_len: 12
sha512: 840bbaf92a47087691ebfe758e9cbe035fa11b0d3eefbfc99894ce9ecd17326cebce0b7b4154cc2f361f2eb872b9d22b526b2f5e14a95524247daf094242fda5
-- end --
-- msg --
client: ('127.0.0.1', 56322)
msg_id: 1
message: hi
msg_len: 2
sha512: 82d88dae415a2e26db3d1ea3b44ebd222897a7b7b6d8234d5879cc8378da8eb7edd5353a7931bced3415850921cc636e405b8031e62ad3db3c3f919f4cce96d7
-- end --
-- msg --
client: ('127.0.0.1', 56322)
msg_id: 2
message: secure-close
msg_len: 12
sha512: 82d88dae415a2e26db3d1ea3b44ebd222897a7b7b6d8234d5879cc8378da8eb7edd5353a7931bced3415850921cc636e405b8031e62ad3db3c3f919f4cce96d7
-- end --
-- msg --
client: ('127.0.0.1', 56334)
msg_id: 1
message: hello from client 1
msg_len: 19
sha512: c0d06392409a9190be0d3e0cae276e319d6eaa79965665684193e8419eea2c24ead669632d7fccd9b57ed68d572b09e59d3f02b692aba4392f07a84dca0541ad
-- end --
-- msg --
client: ('127.0.0.1', 56334)
msg_id: 2
message: secure-close
msg_len: 12
sha512: c0d06392409a9190be0d3e0cae276e319d6eaa79965665684193e8419eea2c24ead669632d7fccd9b57ed68d572b09e59d3f02b692aba4392f07a84dca0541ad
-- end --
-- msg --
client: ('127.0.0.1', 56338)
msg_id: 1
message: hi from first client
msg_len: 20
sha512: 36b5e4e6b2a3b218cc077521b8f569a7c613411633b24b21fbfa4442d72e1a44d67ef2b9524577ff928d91117a5569a6364d5aa62b6bbf61f0cdd92049e5b279
-- end --
-- msg --
client: ('127.0.0.1', 56338)
msg_id: 2
message: secure-close
msg_len: 12
sha512: 36b5e4e6b2a3b218cc077521b8f569a7c613411633b24b21fbfa4442d72e1a44d67ef2b9524577ff928d91117a5569a6364d5aa62b6bbf61f0cdd92049e5b279
-- end --
-- msg --
client: ('127.0.0.1', 56340)
msg_id: 1
message: hi from first client
msg_len: 20
sha512: 5ed3d2bc1f005fe7774444ca6a9c9f09d20734df26ca6b1bbafcfafdb9ee63bd83a8dea4b1f923f6760c54d65e18c4314f730a5e2bd15689490c9def66a4dcad
-- end --
-- msg --
client: ('127.0.0.1', 56342)
msg_id: 1
message: secure-close
msg_len: 12
sha512: e0cc1281001b306bc53361d350f3f7a7247f779c64ea3daa257208c83272c6760d3e42bb762a381d7225945520f91298a598687d434c3256a2e31fe517b80d0a
-- end --
-- msg --
client: ('127.0.0.1', 56340)
msg_id: 2
message: secure-close
msg_len: 12
sha512: 5ed3d2bc1f005fe7774444ca6a9c9f09d20734df26ca6b1bbafcfafdb9ee63bd83a8dea4b1f923f6760c54d65e18c4314f730a5e2bd15689490c9def66a4dcad
-- end --
-- msg --
client: ('127.0.0.1', 56344)
msg_id: 1
message: hi from first client
msg_len: 20
sha512: ec4f6f814f7fbec883af1f97daab0e726e5ef22948f5d81174f011b5d92e292bc5768724f5ad67c0abce0405eebc7d7a4d3ace7276ea13926d282f54154b0e4e
-- end --
-- msg --
client: ('127.0.0.1', 56346)
msg_id: 1
message: hi from second client
msg_len: 21
sha512: c39c0846b4abc1cbabc60b7e4d14cbf10cc236ec37ec33b4d7d5512b03e79beb4188be94901a00339472442a7dce73d876b7baf1716af75bfdda4d0512dbeadd
-- end --
-- msg --
client: ('127.0.0.1', 56344)
msg_id: 2
message: secure-close
msg_len: 12
sha512: ec4f6f814f7fbec883af1f97daab0e726e5ef22948f5d81174f011b5d92e292bc5768724f5ad67c0abce0405eebc7d7a4d3ace7276ea13926d282f54154b0e4e
-- end --
-- msg --
client: ('127.0.0.1', 56352)
msg_id: 1
message: h
msg_len: 1
sha512: 120aa2dcf77debb15896b92f9426778763d0e6ecff04526843e405d06985461d5048759f675c45ea514fdca0bacb2ad9370734dee9b09ea9d18d1964bb6419d4
-- end --
-- msg --
client: ('127.0.0.1', 56352)
msg_id: 2
message: h
msg_len: 1
sha512: 120aa2dcf77debb15896b92f9426778763d0e6ecff04526843e405d06985461d5048759f675c45ea514fdca0bacb2ad9370734dee9b09ea9d18d1964bb6419d4
-- end --
-- msg --
client: ('127.0.0.1', 56352)
msg_id: 3
message: secure-close
msg_len: 12
sha512: 120aa2dcf77debb15896b92f9426778763d0e6ecff04526843e405d06985461d5048759f675c45ea514fdca0bacb2ad9370734dee9b09ea9d18d1964bb6419d4
-- end --
-- msg --
client: ('127.0.0.1', 56356)
msg_id: 1
message: d
msg_len: 1
sha512: 4b7329e69dc956bdfed999235ba1e5b981f8a735c383e29b2b2af6d364b7c4c69ca4fcd71f22881d5f6eecf67a809a8beb42bb02dc5d0b0ba9ff760195f7bbc6
-- end --
-- msg --
client: ('127.0.0.1', 56356)
msg_id: 2
message: d
msg_len: 1
sha512: 4b7329e69dc956bdfed999235ba1e5b981f8a735c383e29b2b2af6d364b7c4c69ca4fcd71f22881d5f6eecf67a809a8beb42bb02dc5d0b0ba9ff760195f7bbc6
-- end --
-- msg --
client: ('127.0.0.1', 56356)
msg_id: 3
message: secure-close
msg_len: 12
sha512: 4b7329e69dc956bdfed999235ba1e5b981f8a735c383e29b2b2af6d364b7c4c69ca4fcd71f22881d5f6eecf67a809a8beb42bb02dc5d0b0ba9ff760195f7bbc6
-- end --
-- msg --
client: ('127.0.0.1', 56358)
msg_id: 1
message: h
msg_len: 1
sha512: 8b63591ca027c6af9adde660cb6b44a4a257cced3dfcce5c5c98e8c2f82d0f2d0684e82dcd5f7d6675a05f3515c1075f1479bafaa09456972165f26440429fe9
-- end --
-- msg --
client: ('127.0.0.1', 56358)
msg_id: 2
message: j
msg_len: 1
sha512: 8b63591ca027c6af9adde660cb6b44a4a257cced3dfcce5c5c98e8c2f82d0f2d0684e82dcd5f7d6675a05f3515c1075f1479bafaa09456972165f26440429fe9
-- end --
-- msg --
client: ('127.0.0.1', 56358)
msg_id: 3
message: secure-close
msg_len: 12
sha512: 8b63591ca027c6af9adde660cb6b44a4a257cced3dfcce5c5c98e8c2f82d0f2d0684e82dcd5f7d6675a05f3515c1075f1479bafaa09456972165f26440429fe9
-- end --
-- msg --
client: ('127.0.0.1', 56360)
msg_id: 1
message: hi
msg_len: 2
sha512: ed9963ad7a30266609130c582c40e741995d7deafbc1de9979e233f459deed90aae2630a9702aff516f88baf4053f07d3b67d11181a3332aea98bd3f85250e78
-- end --
-- msg --
client: ('127.0.0.1', 56360)
msg_id: 2
message: h
msg_len: 1
sha512: ed9963ad7a30266609130c582c40e741995d7deafbc1de9979e233f459deed90aae2630a9702aff516f88baf4053f07d3b67d11181a3332aea98bd3f85250e78
-- end --
-- msg --
client: ('127.0.0.1', 56360)
msg_id: 3
message: secure-close
msg_len: 12
sha512: ed9963ad7a30266609130c582c40e741995d7deafbc1de9979e233f459deed90aae2630a9702aff516f88baf4053f07d3b67d11181a3332aea98bd3f85250e78
-- end --
